<?xml version="1.0" encoding="UTF-8"?>
<testng-results skipped="0" failed="1" ignored="0" total="1" passed="0">
  <reporter-output>
  </reporter-output>
  <suite name="Glide Application Test Automation Regression Suite" duration-ms="77322" started-at="2021-04-30T16:18:47 IST" finished-at="2021-04-30T16:20:04 IST">
    <groups>
    </groups>
    <test name="Glide Application Test Cases" duration-ms="77322" started-at="2021-04-30T16:18:47 IST" finished-at="2021-04-30T16:20:04 IST">
      <class name="com.glide.qa.TestCases.LoginToGlide">
        <test-method status="PASS" signature="setLog4j()[pri:0, instance:com.glide.qa.TestCases.LoginToGlide@4310d43]" name="setLog4j" is-config="true" duration-ms="16" started-at="2021-04-30T16:18:47 IST" finished-at="2021-04-30T16:18:47 IST">
          <reporter-output>
          </reporter-output>
        </test-method> <!-- setLog4j -->
        <test-method status="PASS" signature="setUp()[pri:0, instance:com.glide.qa.TestCases.LoginToGlide@4310d43]" name="setUp" is-config="true" duration-ms="13046" started-at="2021-04-30T16:18:47 IST" finished-at="2021-04-30T16:19:00 IST">
          <reporter-output>
          </reporter-output>
        </test-method> <!-- setUp -->
        <test-method status="FAIL" signature="VerifyLoginToGlideWithExistingEmail()[pri:1, instance:com.glide.qa.TestCases.LoginToGlide@4310d43]" name="VerifyLoginToGlideWithExistingEmail" duration-ms="62728" started-at="2021-04-30T16:19:00 IST" description="Login to application" finished-at="2021-04-30T16:20:03 IST">
          <exception class="java.lang.NullPointerException">
            <message>
              <![CDATA[null value in entry: url=null]]>
            </message>
            <full-stacktrace>
              <![CDATA[java.lang.NullPointerException: null value in entry: url=null
at com.google.common.collect.CollectPreconditions.checkEntryNotNull(CollectPreconditions.java:34)
at com.google.common.collect.SingletonImmutableBiMap.<init>(SingletonImmutableBiMap.java:42)
at com.google.common.collect.ImmutableBiMap.of(ImmutableBiMap.java:73)
at com.google.common.collect.ImmutableMap.of(ImmutableMap.java:123)
at org.openqa.selenium.remote.RemoteWebDriver.get(RemoteWebDriver.java:277)
at sun.reflect.NativeMethodAccessorImpl.invoke0(Native Method)
at sun.reflect.NativeMethodAccessorImpl.invoke(NativeMethodAccessorImpl.java:62)
at sun.reflect.DelegatingMethodAccessorImpl.invoke(DelegatingMethodAccessorImpl.java:43)
at java.lang.reflect.Method.invoke(Method.java:498)
at org.openqa.selenium.support.events.EventFiringWebDriver.lambda$new$1(EventFiringWebDriver.java:105)
at com.sun.proxy.$Proxy10.get(Unknown Source)
at org.openqa.selenium.support.events.EventFiringWebDriver.get(EventFiringWebDriver.java:165)
at com.glide.qa.TestCases.LoginToGlide.VerifyLoginToGlideWithExistingEmail(LoginToGlide.java:47)
at sun.reflect.NativeMethodAccessorImpl.invoke0(Native Method)
at sun.reflect.NativeMethodAccessorImpl.invoke(NativeMethodAccessorImpl.java:62)
at sun.reflect.DelegatingMethodAccessorImpl.invoke(DelegatingMethodAccessorImpl.java:43)
at java.lang.reflect.Method.invoke(Method.java:498)
at org.testng.internal.MethodInvocationHelper.invokeMethod(MethodInvocationHelper.java:132)
at org.testng.internal.TestInvoker.invokeMethod(TestInvoker.java:599)
at org.testng.internal.TestInvoker.invokeTestMethod(TestInvoker.java:174)
at org.testng.internal.MethodRunner.runInSequence(MethodRunner.java:46)
at org.testng.internal.TestInvoker$MethodInvocationAgent.invoke(TestInvoker.java:822)
at org.testng.internal.TestInvoker.invokeTestMethods(TestInvoker.java:147)
at org.testng.internal.TestMethodWorker.invokeTestMethods(TestMethodWorker.java:146)
at org.testng.internal.TestMethodWorker.run(TestMethodWorker.java:128)
at java.util.ArrayList.forEach(ArrayList.java:1259)
at org.testng.TestRunner.privateRun(TestRunner.java:764)
at org.testng.TestRunner.run(TestRunner.java:585)
at org.testng.SuiteRunner.runTest(SuiteRunner.java:384)
at org.testng.SuiteRunner.access$000(SuiteRunner.java:28)
at org.testng.SuiteRunner$SuiteWorker.run(SuiteRunner.java:425)
at org.testng.internal.thread.ThreadUtil.lambda$execute$0(ThreadUtil.java:66)
at java.util.concurrent.FutureTask.run(FutureTask.java:266)
at java.util.concurrent.ThreadPoolExecutor.runWorker(ThreadPoolExecutor.java:1149)
at java.util.concurrent.ThreadPoolExecutor$Worker.run(ThreadPoolExecutor.java:624)
at java.lang.Thread.run(Thread.java:748)
]]>
            </full-stacktrace>
          </exception> <!-- java.lang.NullPointerException -->
          <reporter-output>
          </reporter-output>
        </test-method> <!-- VerifyLoginToGlideWithExistingEmail -->
        <test-method status="PASS" signature="tearDown()[pri:0, instance:com.glide.qa.TestCases.LoginToGlide@4310d43]" name="tearDown" is-config="true" duration-ms="1048" started-at="2021-04-30T16:20:03 IST" finished-at="2021-04-30T16:20:04 IST">
          <reporter-output>
          </reporter-output>
        </test-method> <!-- tearDown -->
        <test-method status="PASS" signature="endReport()[pri:0, instance:com.glide.qa.TestCases.LoginToGlide@4310d43]" name="endReport" is-config="true" duration-ms="1" started-at="2021-04-30T16:20:04 IST" finished-at="2021-04-30T16:20:04 IST">
          <reporter-output>
          </reporter-output>
        </test-method> <!-- endReport -->
      </class> <!-- com.glide.qa.TestCases.LoginToGlide -->
    </test> <!-- Glide Application Test Cases -->
  </suite> <!-- Glide Application Test Automation Regression Suite -->
</testng-results>
